Analysis & Elaboration report for ALU
Tue Nov 25 18:00:11 2025
Quartus Prime Version 25.1std.0 Build 1129 10/21/2025 SC Lite Edition


---------------------
; Table of Contents ;
---------------------
  1. Legal Notice
  2. Analysis & Elaboration Summary
  3. Parallel Compilation
  4. Analysis & Elaboration Settings
  5. Analysis & Elaboration Messages



----------------
; Legal Notice ;
----------------
Copyright (C) 2025  Altera Corporation. All rights reserved.
Your use of Altera Corporation's design tools, logic functions 
and other software and tools, and any partner logic 
functions, and any output files from any of the foregoing 
(including device programming or simulation files), and any 
associated documentation or information are expressly subject 
to the terms and conditions of the Altera Program License 
Subscription Agreement, the Altera Quartus Prime License Agreement,
the Altera IP License Agreement, or other applicable license
agreement, including, without limitation, that your use is for
the sole purpose of programming logic devices manufactured by
Altera and sold by Altera or its authorized distributors.  Please
refer to the Altera Software License Subscription Agreements 
on the Quartus Prime software download page.



+---------------------------------------------------------------------------------+
; Analysis & Elaboration Summary                                                  ;
+-------------------------------+-------------------------------------------------+
; Analysis & Elaboration Status ; Successful - Tue Nov 25 18:00:11 2025           ;
; Quartus Prime Version         ; 25.1std.0 Build 1129 10/21/2025 SC Lite Edition ;
; Revision Name                 ; ALU                                             ;
; Top-level Entity Name         ; ALU                                             ;
; Family                        ; Cyclone V                                       ;
; Logic utilization (in ALMs)   ; N/A until Partition Merge                       ;
; Total registers               ; N/A until Partition Merge                       ;
; Total pins                    ; N/A until Partition Merge                       ;
; Total virtual pins            ; N/A until Partition Merge                       ;
; Total block memory bits       ; N/A until Partition Merge                       ;
; Total PLLs                    ; N/A until Partition Merge                       ;
; Total DLLs                    ; N/A until Partition Merge                       ;
+-------------------------------+-------------------------------------------------+


+------------------------------------------+
; Parallel Compilation                     ;
+----------------------------+-------------+
; Processors                 ; Number      ;
+----------------------------+-------------+
; Number detected on machine ; 12          ;
; Maximum allowed            ; 8           ;
;                            ;             ;
; Average used               ; 1.00        ;
; Maximum used               ; 1           ;
;                            ;             ;
; Usage by Processor         ; % Time Used ;
;     Processor 1            ; 100.0%      ;
+----------------------------+-------------+


+---------------------------------------------------------------------------------------------------------------------------+
; Analysis & Elaboration Settings                                                                                           ;
+---------------------------------------------------------------------------------+--------------------+--------------------+
; Option                                                                          ; Setting            ; Default Value      ;
+---------------------------------------------------------------------------------+--------------------+--------------------+
; Device                                                                          ; 5CGXFC7C7F23C8     ;                    ;
; Top-level entity name                                                           ; ALU                ; ALU                ;
; Family name                                                                     ; Cyclone V          ; Cyclone V          ;
; Use smart compilation                                                           ; Off                ; Off                ;
; Enable parallel Assembler and Timing Analyzer during compilation                ; On                 ; On                 ;
; Enable compact report table                                                     ; Off                ; Off                ;
; Restructure Multiplexers                                                        ; Auto               ; Auto               ;
; MLAB Add Timing Constraints For Mixed-Port Feed-Through Mode Setting Don't Care ; Off                ; Off                ;
; Create Debugging Nodes for IP Cores                                             ; Off                ; Off                ;
; Preserve fewer node names                                                       ; On                 ; On                 ;
; Intel FPGA IP Evaluation Mode                                                   ; Enable             ; Enable             ;
; Verilog Version                                                                 ; Verilog_2001       ; Verilog_2001       ;
; VHDL Version                                                                    ; VHDL_1993          ; VHDL_1993          ;
; State Machine Processing                                                        ; Auto               ; Auto               ;
; Safe State Machine                                                              ; Off                ; Off                ;
; Extract Verilog State Machines                                                  ; On                 ; On                 ;
; Extract VHDL State Machines                                                     ; On                 ; On                 ;
; Ignore Verilog initial constructs                                               ; Off                ; Off                ;
; Iteration limit for constant Verilog loops                                      ; 5000               ; 5000               ;
; Iteration limit for non-constant Verilog loops                                  ; 250                ; 250                ;
; Add Pass-Through Logic to Inferred RAMs                                         ; On                 ; On                 ;
; Infer RAMs from Raw Logic                                                       ; On                 ; On                 ;
; Parallel Synthesis                                                              ; On                 ; On                 ;
; DSP Block Balancing                                                             ; Auto               ; Auto               ;
; NOT Gate Push-Back                                                              ; On                 ; On                 ;
; Power-Up Don't Care                                                             ; On                 ; On                 ;
; Remove Redundant Logic Cells                                                    ; Off                ; Off                ;
; Remove Duplicate Registers                                                      ; On                 ; On                 ;
; Ignore CARRY Buffers                                                            ; Off                ; Off                ;
; Ignore CASCADE Buffers                                                          ; Off                ; Off                ;
; Ignore GLOBAL Buffers                                                           ; Off                ; Off                ;
; Ignore ROW GLOBAL Buffers                                                       ; Off                ; Off                ;
; Ignore LCELL Buffers                                                            ; Off                ; Off                ;
; Ignore SOFT Buffers                                                             ; On                 ; On                 ;
; Limit AHDL Integers to 32 Bits                                                  ; Off                ; Off                ;
; Optimization Technique                                                          ; Balanced           ; Balanced           ;
; Carry Chain Length                                                              ; 70                 ; 70                 ;
; Auto Carry Chains                                                               ; On                 ; On                 ;
; Auto Open-Drain Pins                                                            ; On                 ; On                 ;
; Perform WYSIWYG Primitive Resynthesis                                           ; Off                ; Off                ;
; Auto ROM Replacement                                                            ; On                 ; On                 ;
; Auto RAM Replacement                                                            ; On                 ; On                 ;
; Auto DSP Block Replacement                                                      ; On                 ; On                 ;
; Auto Shift Register Replacement                                                 ; Auto               ; Auto               ;
; Allow Shift Register Merging across Hierarchies                                 ; Auto               ; Auto               ;
; Auto Clock Enable Replacement                                                   ; On                 ; On                 ;
; Strict RAM Replacement                                                          ; Off                ; Off                ;
; Allow Synchronous Control Signals                                               ; On                 ; On                 ;
; Force Use of Synchronous Clear Signals                                          ; Off                ; Off                ;
; Auto Resource Sharing                                                           ; Off                ; Off                ;
; Allow Any RAM Size For Recognition                                              ; Off                ; Off                ;
; Allow Any ROM Size For Recognition                                              ; Off                ; Off                ;
; Allow Any Shift Register Size For Recognition                                   ; Off                ; Off                ;
; Use LogicLock Constraints during Resource Balancing                             ; On                 ; On                 ;
; Ignore translate_off and synthesis_off directives                               ; Off                ; Off                ;
; Timing-Driven Synthesis                                                         ; On                 ; On                 ;
; Report Parameter Settings                                                       ; On                 ; On                 ;
; Report Source Assignments                                                       ; On                 ; On                 ;
; Report Connectivity Checks                                                      ; On                 ; On                 ;
; Ignore Maximum Fan-Out Assignments                                              ; Off                ; Off                ;
; Synchronization Register Chain Length                                           ; 3                  ; 3                  ;
; Power Optimization During Synthesis                                             ; Normal compilation ; Normal compilation ;
; HDL message level                                                               ; Level2             ; Level2             ;
; Suppress Register Optimization Related Messages                                 ; Off                ; Off                ;
; Number of Removed Registers Reported in Synthesis Report                        ; 5000               ; 5000               ;
; Number of Swept Nodes Reported in Synthesis Report                              ; 5000               ; 5000               ;
; Number of Inverted Registers Reported in Synthesis Report                       ; 100                ; 100                ;
; Clock MUX Protection                                                            ; On                 ; On                 ;
; Auto Gated Clock Conversion                                                     ; Off                ; Off                ;
; Block Design Naming                                                             ; Auto               ; Auto               ;
; SDC constraint protection                                                       ; Off                ; Off                ;
; Synthesis Effort                                                                ; Auto               ; Auto               ;
; Shift Register Replacement - Allow Asynchronous Clear Signal                    ; On                 ; On                 ;
; Pre-Mapping Resynthesis Optimization                                            ; Off                ; Off                ;
; Analysis & Synthesis Message Level                                              ; Medium             ; Medium             ;
; Disable Register Merging Across Hierarchies                                     ; Auto               ; Auto               ;
; Resource Aware Inference For Block RAM                                          ; On                 ; On                 ;
; Automatic Parallel Synthesis                                                    ; On                 ; On                 ;
; Partial Reconfiguration Bitstream ID                                            ; Off                ; Off                ;
+---------------------------------------------------------------------------------+--------------------+--------------------+


+---------------------------------+
; Analysis & Elaboration Messages ;
+---------------------------------+
Info: *******************************************************************
Info: Running Quartus Prime Analysis & Elaboration
    Info: Version 25.1std.0 Build 1129 10/21/2025 SC Lite Edition
    Info: Processing started: Tue Nov 25 18:00:03 2025
Info: Command: quartus_map --read_settings_files=on --write_settings_files=off ALU -c ALU --analysis_and_elaboration
Warning (18236): Number of processors has not been specified which may cause overloading on shared machines.  Set the global assignment NUM_PARALLEL_PROCESSORS in your QSF to an appropriate value for best performance.
Info (20030): Parallel compilation is enabled and will use 8 of the 8 processors detected
Info (12021): Found 2 design units, including 1 entities, in source file soma.vhd
    Info (12022): Found design unit 1: soma-Behavioral File: C:/Users/juane/OneDrive/Documentos/QUARTUS/ALU/soma.vhd Line: 15
    Info (12023): Found entity 1: soma File: C:/Users/juane/OneDrive/Documentos/QUARTUS/ALU/soma.vhd Line: 5
Info (12021): Found 2 design units, including 1 entities, in source file or_gate.vhd
    Info (12022): Found design unit 1: or_gate-Behavioral File: C:/Users/juane/OneDrive/Documentos/QUARTUS/ALU/or_gate.vhd Line: 16
    Info (12023): Found entity 1: or_gate File: C:/Users/juane/OneDrive/Documentos/QUARTUS/ALU/or_gate.vhd Line: 8
Info (12021): Found 2 design units, including 1 entities, in source file and_gate.vhd
    Info (12022): Found design unit 1: and_gate-Behavioral File: C:/Users/juane/OneDrive/Documentos/QUARTUS/ALU/and_gate.vhd Line: 12
    Info (12023): Found entity 1: and_gate File: C:/Users/juane/OneDrive/Documentos/QUARTUS/ALU/and_gate.vhd Line: 5
Info (12021): Found 2 design units, including 1 entities, in source file shift_r_op.vhd
    Info (12022): Found design unit 1: shift_r_op-Behavioral File: C:/Users/juane/OneDrive/Documentos/QUARTUS/ALU/shift_r_op.vhd Line: 11
    Info (12023): Found entity 1: shift_r_op File: C:/Users/juane/OneDrive/Documentos/QUARTUS/ALU/shift_r_op.vhd Line: 4
Info (12021): Found 2 design units, including 1 entities, in source file shift_l_op.vhd
    Info (12022): Found design unit 1: shift_l_op-Behavioral File: C:/Users/juane/OneDrive/Documentos/QUARTUS/ALU/shift_l_op.vhd Line: 13
    Info (12023): Found entity 1: shift_l_op File: C:/Users/juane/OneDrive/Documentos/QUARTUS/ALU/shift_l_op.vhd Line: 4
Info (12021): Found 2 design units, including 1 entities, in source file subtrator.vhd
    Info (12022): Found design unit 1: Subtrator-Behavioral File: C:/Users/juane/OneDrive/Documentos/QUARTUS/ALU/Subtrator.vhd Line: 14
    Info (12023): Found entity 1: Subtrator File: C:/Users/juane/OneDrive/Documentos/QUARTUS/ALU/Subtrator.vhd Line: 5
Info (12021): Found 2 design units, including 1 entities, in source file porta_not.vhd
    Info (12022): Found design unit 1: Porta_NOT-Behavioral File: C:/Users/juane/OneDrive/Documentos/QUARTUS/ALU/Porta_NOT.vhd Line: 10
    Info (12023): Found entity 1: Porta_NOT File: C:/Users/juane/OneDrive/Documentos/QUARTUS/ALU/Porta_NOT.vhd Line: 4
Info (12021): Found 2 design units, including 1 entities, in source file alu.vhd
    Info (12022): Found design unit 1: ALU-Structural File: C:/Users/juane/OneDrive/Documentos/QUARTUS/ALU/ALU.vhd Line: 13
    Info (12023): Found entity 1: ALU File: C:/Users/juane/OneDrive/Documentos/QUARTUS/ALU/ALU.vhd Line: 4
Info (12021): Found 2 design units, including 1 entities, in source file incremento.vhd
    Info (12022): Found design unit 1: Incremento-Behavioral File: C:/Users/juane/OneDrive/Documentos/QUARTUS/ALU/Incremento.vhd Line: 11
    Info (12023): Found entity 1: Incremento File: C:/Users/juane/OneDrive/Documentos/QUARTUS/ALU/Incremento.vhd Line: 5
Info (12021): Found 2 design units, including 1 entities, in source file alu_tb_file.vhd
    Info (12022): Found design unit 1: ALU_TB_FILE-Behavioral File: C:/Users/juane/OneDrive/Documentos/QUARTUS/ALU/ALU_TB_FILE.vhd Line: 9
    Info (12023): Found entity 1: ALU_TB_FILE File: C:/Users/juane/OneDrive/Documentos/QUARTUS/ALU/ALU_TB_FILE.vhd Line: 6
Info (12127): Elaborating entity "ALU" for the top level hierarchy
Warning (10492): VHDL Process Statement warning at ALU.vhd(206): signal "fio_c_shifR" is read inside the Process Statement but isn't in the Process Statement's sensitivity list File: C:/Users/juane/OneDrive/Documentos/QUARTUS/ALU/ALU.vhd Line: 206
Warning (10492): VHDL Process Statement warning at ALU.vhd(207): signal "fio_o_shifR" is read inside the Process Statement but isn't in the Process Statement's sensitivity list File: C:/Users/juane/OneDrive/Documentos/QUARTUS/ALU/ALU.vhd Line: 207
Info (12128): Elaborating entity "soma" for hierarchy "soma:U1" File: C:/Users/juane/OneDrive/Documentos/QUARTUS/ALU/ALU.vhd Line: 105
Info (12128): Elaborating entity "Subtrator" for hierarchy "Subtrator:U2" File: C:/Users/juane/OneDrive/Documentos/QUARTUS/ALU/ALU.vhd Line: 114
Info (12128): Elaborating entity "and_gate" for hierarchy "and_gate:U3" File: C:/Users/juane/OneDrive/Documentos/QUARTUS/ALU/ALU.vhd Line: 122
Info (12128): Elaborating entity "or_gate" for hierarchy "or_gate:U4" File: C:/Users/juane/OneDrive/Documentos/QUARTUS/ALU/ALU.vhd Line: 128
Info (12128): Elaborating entity "Porta_NOT" for hierarchy "Porta_NOT:U5" File: C:/Users/juane/OneDrive/Documentos/QUARTUS/ALU/ALU.vhd Line: 134
Info (12128): Elaborating entity "shift_l_op" for hierarchy "shift_l_op:U6" File: C:/Users/juane/OneDrive/Documentos/QUARTUS/ALU/ALU.vhd Line: 139
Info (12128): Elaborating entity "shift_r_op" for hierarchy "shift_r_op:U7" File: C:/Users/juane/OneDrive/Documentos/QUARTUS/ALU/ALU.vhd Line: 146
Info (12128): Elaborating entity "Incremento" for hierarchy "Incremento:U8" File: C:/Users/juane/OneDrive/Documentos/QUARTUS/ALU/ALU.vhd Line: 153
Warning (12125): Using design file sub_1.vhd, which is not specified as a design file for the current project, but contains definitions for 2 design units and 1 entities in project
    Info (12022): Found design unit 1: sub_1-Behavioral File: C:/Users/juane/OneDrive/Documentos/QUARTUS/ALU/sub_1.vhd Line: 12
    Info (12023): Found entity 1: sub_1 File: C:/Users/juane/OneDrive/Documentos/QUARTUS/ALU/sub_1.vhd Line: 5
Info (12128): Elaborating entity "sub_1" for hierarchy "sub_1:U9" File: C:/Users/juane/OneDrive/Documentos/QUARTUS/ALU/ALU.vhd Line: 160
Info: Quartus Prime Analysis & Elaboration was successful. 0 errors, 4 warnings
    Info: Peak virtual memory: 4872 megabytes
    Info: Processing ended: Tue Nov 25 18:00:11 2025
    Info: Elapsed time: 00:00:08
    Info: Total CPU time (on all processors): 00:00:15


